# JRE version: Java(TM) SE Runtime Environment (8.0_20-b26) (build 1.8.0_20-b26)
# Java VM: Java HotSpot(TM) 64-Bit Server VM (25.20-b23 mixed mode linux-amd64 compressed oops)
Heap:
 PSYoungGen      total 253952K, used 0K [0x00000000eb300000, 0x00000000ffb80000, 0x0000000100000000)
  eden space 177664K, 0% used [0x00000000eb300000,0x00000000eb300000,0x00000000f6080000)
  from space 76288K, 0% used [0x00000000fb100000,0x00000000fb100000,0x00000000ffb80000)
  to   space 79360K, 0% used [0x00000000f6080000,0x00000000f6080000,0x00000000fae00000)
 ParOldGen       total 392704K, used 262675K [0x00000000c1800000, 0x00000000d9780000, 0x00000000eb300000)
  object space 392704K, 66% used [0x00000000c1800000,0x00000000d1884f88,0x00000000d9780000)
 Metaspace       used 11680K, capacity 11840K, committed 12160K, reserved 1060864K
  class space    used 1291K, capacity 1334K, committed 1408K, reserved 1048576K
GC Heap History (10 events):
Event: 137.452 GC heap after
Heap after GC invocations=15 (full 1):
 PSYoungGen      total 230912K, used 0K [0x00000000eb300000, 0x00000000ff280000, 0x0000000100000000)
  eden space 153088K, 0% used [0x00000000eb300000,0x00000000eb300000,0x00000000f4880000)
  from space 77824K, 0% used [0x00000000fa680000,0x00000000fa680000,0x00000000ff280000)
  to   space 87040K, 0% used [0x00000000f4880000,0x00000000f4880000,0x00000000f9d80000)
 ParOldGen       total 392704K, used 196128K [0x00000000c1800000, 0x00000000d9780000, 0x00000000eb300000)
  object space 392704K, 49% used [0x00000000c1800000,0x00000000cd7883e8,0x00000000d9780000)
 Metaspace       used 11679K, capacity 11840K, committed 12160K, reserved 1060864K
  class space    used 1291K, capacity 1334K, committed 1408K, reserved 1048576K
}
Event: 137.870 GC heap before
{Heap before GC invocations=16 (full 1):
 PSYoungGen      total 230912K, used 153088K [0x00000000eb300000, 0x00000000ff280000, 0x0000000100000000)
  eden space 153088K, 100% used [0x00000000eb300000,0x00000000f4880000,0x00000000f4880000)
  from space 77824K, 0% used [0x00000000fa680000,0x00000000fa680000,0x00000000ff280000)
  to   space 87040K, 0% used [0x00000000f4880000,0x00000000f4880000,0x00000000f9d80000)
 ParOldGen       total 392704K, used 196128K [0x00000000c1800000, 0x00000000d9780000, 0x00000000eb300000)
  object space 392704K, 49% used [0x00000000c1800000,0x00000000cd7883e8,0x00000000d9780000)
 Metaspace       used 11679K, capacity 11840K, committed 12160K, reserved 1060864K
  class space    used 1291K, capacity 1334K, committed 1408K, reserved 1048576K
Event: 138.104 GC heap after
Heap after GC invocations=16 (full 1):
 PSYoungGen      total 240128K, used 51203K [0x00000000eb300000, 0x0000000100000000, 0x0000000100000000)
  eden space 153088K, 0% used [0x00000000eb300000,0x00000000eb300000,0x00000000f4880000)
  from space 87040K, 58% used [0x00000000f4880000,0x00000000f7a80cc8,0x00000000f9d80000)
  to   space 86016K, 0% used [0x00000000fac00000,0x00000000fac00000,0x0000000100000000)
 ParOldGen       total 392704K, used 196128K [0x00000000c1800000, 0x00000000d9780000, 0x00000000eb300000)
  object space 392704K, 49% used [0x00000000c1800000,0x00000000cd7883e8,0x00000000d9780000)
 Metaspace       used 11679K, capacity 11840K, committed 12160K, reserved 1060864K
  class space    used 1291K, capacity 1334K, committed 1408K, reserved 1048576K
}
Event: 138.548 GC heap before
{Heap before GC invocations=17 (full 1):
 PSYoungGen      total 240128K, used 204291K [0x00000000eb300000, 0x0000000100000000, 0x0000000100000000)
  eden space 153088K, 100% used [0x00000000eb300000,0x00000000f4880000,0x00000000f4880000)
  from space 87040K, 58% used [0x00000000f4880000,0x00000000f7a80cc8,0x00000000f9d80000)
  to   space 86016K, 0% used [0x00000000fac00000,0x00000000fac00000,0x0000000100000000)
 ParOldGen       total 392704K, used 196128K [0x00000000c1800000, 0x00000000d9780000, 0x00000000eb300000)
  object space 392704K, 49% used [0x00000000c1800000,0x00000000cd7883e8,0x00000000d9780000)
 Metaspace       used 11679K, capacity 11840K, committed 12160K, reserved 1060864K
  class space    used 1291K, capacity 1334K, committed 1408K, reserved 1048576K
Event: 138.757 GC heap after
Heap after GC invocations=17 (full 1):
 PSYoungGen      total 245760K, used 43582K [0x00000000eb300000, 0x00000000ff800000, 0x0000000100000000)
  eden space 167936K, 0% used [0x00000000eb300000,0x00000000eb300000,0x00000000f5700000)
  from space 77824K, 56% used [0x00000000fac00000,0x00000000fd68f830,0x00000000ff800000)
  to   space 82432K, 0% used [0x00000000f5700000,0x00000000f5700000,0x00000000fa780000)
 ParOldGen       total 392704K, used 246989K [0x00000000c1800000, 0x00000000d9780000, 0x00000000eb300000)
  object space 392704K, 62% used [0x00000000c1800000,0x00000000d09334e0,0x00000000d9780000)
 Metaspace       used 11679K, capacity 11840K, committed 12160K, reserved 1060864K
  class space    used 1291K, capacity 1334K, committed 1408K, reserved 1048576K
}
Event: 139.252 GC heap before
{Heap before GC invocations=18 (full 1):
 PSYoungGen      total 245760K, used 211518K [0x00000000eb300000, 0x00000000ff800000, 0x0000000100000000)
  eden space 167936K, 100% used [0x00000000eb300000,0x00000000f5700000,0x00000000f5700000)
  from space 77824K, 56% used [0x00000000fac00000,0x00000000fd68f830,0x00000000ff800000)
  to   space 82432K, 0% used [0x00000000f5700000,0x00000000f5700000,0x00000000fa780000)
 ParOldGen       total 392704K, used 246989K [0x00000000c1800000, 0x00000000d9780000, 0x00000000eb300000)
  object space 392704K, 62% used [0x00000000c1800000,0x00000000d09334e0,0x00000000d9780000)
 Metaspace       used 11680K, capacity 11840K, committed 12160K, reserved 1060864K
  class space    used 1291K, capacity 1334K, committed 1408K, reserved 1048576K
Event: 139.432 GC heap after
Heap after GC invocations=18 (full 1):
 PSYoungGen      total 250368K, used 49622K [0x00000000eb300000, 0x0000000100000000, 0x0000000100000000)
  eden space 167936K, 0% used [0x00000000eb300000,0x00000000eb300000,0x00000000f5700000)
  from space 82432K, 60% used [0x00000000f5700000,0x00000000f87759e8,0x00000000fa780000)
  to   space 80896K, 0% used [0x00000000fb100000,0x00000000fb100000,0x0000000100000000)
 ParOldGen       total 392704K, used 290078K [0x00000000c1800000, 0x00000000d9780000, 0x00000000eb300000)
  object space 392704K, 73% used [0x00000000c1800000,0x00000000d3347900,0x00000000d9780000)
 Metaspace       used 11680K, capacity 11840K, committed 12160K, reserved 1060864K
  class space    used 1291K, capacity 1334K, committed 1408K, reserved 1048576K
}
Event: 140.182 GC heap before
{Heap before GC invocations=19 (full 1):
 PSYoungGen      total 250368K, used 217486K [0x00000000eb300000, 0x0000000100000000, 0x0000000100000000)
  eden space 167936K, 99% used [0x00000000eb300000,0x00000000f56edf98,0x00000000f5700000)
  from space 82432K, 60% used [0x00000000f5700000,0x00000000f87759e8,0x00000000fa780000)
  to   space 80896K, 0% used [0x00000000fb100000,0x00000000fb100000,0x0000000100000000)
 ParOldGen       total 392704K, used 290078K [0x00000000c1800000, 0x00000000d9780000, 0x00000000eb300000)
  object space 392704K, 73% used [0x00000000c1800000,0x00000000d3347900,0x00000000d9780000)
 Metaspace       used 11680K, capacity 11840K, committed 12160K, reserved 1060864K
  class space    used 1291K, capacity 1334K, committed 1408K, reserved 1048576K
Event: 140.432 GC heap after
Heap after GC invocations=19 (full 1):
 PSYoungGen      total 253952K, used 32168K [0x00000000eb300000, 0x00000000ffb80000, 0x0000000100000000)
  eden space 177664K, 0% used [0x00000000eb300000,0x00000000eb300000,0x00000000f6080000)
  from space 76288K, 42% used [0x00000000fb100000,0x00000000fd06a368,0x00000000ffb80000)
  to   space 79360K, 0% used [0x00000000f6080000,0x00000000f6080000,0x00000000fae00000)
 ParOldGen       total 392704K, used 338699K [0x00000000c1800000, 0x00000000d9780000, 0x00000000eb300000)
  object space 392704K, 86% used [0x00000000c1800000,0x00000000d62c2e18,0x00000000d9780000)
 Metaspace       used 11680K, capacity 11840K, committed 12160K, reserved 1060864K
  class space    used 1291K, capacity 1334K, committed 1408K, reserved 1048576K
}
Event: 140.432 GC heap before
{Heap before GC invocations=20 (full 2):
 PSYoungGen      total 253952K, used 32168K [0x00000000eb300000, 0x00000000ffb80000, 0x0000000100000000)
  eden space 177664K, 0% used [0x00000000eb300000,0x00000000eb300000,0x00000000f6080000)
  from space 76288K, 42% used [0x00000000fb100000,0x00000000fd06a368,0x00000000ffb80000)
  to   space 79360K, 0% used [0x00000000f6080000,0x00000000f6080000,0x00000000fae00000)
 ParOldGen       total 392704K, used 338699K [0x00000000c1800000, 0x00000000d9780000, 0x00000000eb300000)
  object space 392704K, 86% used [0x00000000c1800000,0x00000000d62c2e18,0x00000000d9780000)
 Metaspace       used 11680K, capacity 11840K, committed 12160K, reserved 1060864K
  class space    used 1291K, capacity 1334K, committed 1408K, reserved 1048576K

