# JRE version: Java(TM) SE Runtime Environment (8.0_20-b26) (build 1.8.0_20-b26)
# Java VM: Java HotSpot(TM) 64-Bit Server VM (25.20-b23 mixed mode linux-amd64 compressed oops)
Heap:
 PSYoungGen      total 242688K, used 0K [0x00000000eb300000, 0x00000000fff00000, 0x0000000100000000)
  eden space 146432K, 0% used [0x00000000eb300000,0x00000000eb300000,0x00000000f4200000)
  from space 96256K, 0% used [0x00000000fa100000,0x00000000fa100000,0x00000000fff00000)
  to   space 96768K, 0% used [0x00000000f4200000,0x00000000f4200000,0x00000000fa080000)
 ParOldGen       total 390144K, used 257376K [0x00000000c1800000, 0x00000000d9500000, 0x00000000eb300000)
  object space 390144K, 65% used [0x00000000c1800000,0x00000000d13582f8,0x00000000d9500000)
 Metaspace       used 11635K, capacity 11712K, committed 11904K, reserved 1060864K
  class space    used 1291K, capacity 1334K, committed 1408K, reserved 1048576K
GC Heap History (10 events):
Event: 93.446 GC heap after
Heap after GC invocations=15 (full 1):
 PSYoungGen      total 212480K, used 0K [0x00000000eb300000, 0x00000000ff180000, 0x0000000100000000)
  eden space 117248K, 0% used [0x00000000eb300000,0x00000000eb300000,0x00000000f2580000)
  from space 95232K, 0% used [0x00000000f9480000,0x00000000f9480000,0x00000000ff180000)
  to   space 104448K, 0% used [0x00000000f2580000,0x00000000f2580000,0x00000000f8b80000)
 ParOldGen       total 390144K, used 180518K [0x00000000c1800000, 0x00000000d9500000, 0x00000000eb300000)
  object space 390144K, 46% used [0x00000000c1800000,0x00000000cc849b58,0x00000000d9500000)
 Metaspace       used 11635K, capacity 11712K, committed 11904K, reserved 1060864K
  class space    used 1291K, capacity 1334K, committed 1408K, reserved 1048576K
}
Event: 93.821 GC heap before
{Heap before GC invocations=16 (full 1):
 PSYoungGen      total 212480K, used 117239K [0x00000000eb300000, 0x00000000ff180000, 0x0000000100000000)
  eden space 117248K, 99% used [0x00000000eb300000,0x00000000f257df30,0x00000000f2580000)
  from space 95232K, 0% used [0x00000000f9480000,0x00000000f9480000,0x00000000ff180000)
  to   space 104448K, 0% used [0x00000000f2580000,0x00000000f2580000,0x00000000f8b80000)
 ParOldGen       total 390144K, used 180518K [0x00000000c1800000, 0x00000000d9500000, 0x00000000eb300000)
  object space 390144K, 46% used [0x00000000c1800000,0x00000000cc849b58,0x00000000d9500000)
 Metaspace       used 11635K, capacity 11712K, committed 11904K, reserved 1060864K
  class space    used 1291K, capacity 1334K, committed 1408K, reserved 1048576K
Event: 93.926 GC heap after
Heap after GC invocations=16 (full 1):
 PSYoungGen      total 221696K, used 47650K [0x00000000eb300000, 0x0000000100000000, 0x0000000100000000)
  eden space 117248K, 0% used [0x00000000eb300000,0x00000000eb300000,0x00000000f2580000)
  from space 104448K, 45% used [0x00000000f2580000,0x00000000f5408a80,0x00000000f8b80000)
  to   space 100864K, 0% used [0x00000000f9d80000,0x00000000f9d80000,0x0000000100000000)
 ParOldGen       total 390144K, used 180518K [0x00000000c1800000, 0x00000000d9500000, 0x00000000eb300000)
  object space 390144K, 46% used [0x00000000c1800000,0x00000000cc849b58,0x00000000d9500000)
 Metaspace       used 11635K, capacity 11712K, committed 11904K, reserved 1060864K
  class space    used 1291K, capacity 1334K, committed 1408K, reserved 1048576K
}
Event: 94.293 GC heap before
{Heap before GC invocations=17 (full 1):
 PSYoungGen      total 221696K, used 164898K [0x00000000eb300000, 0x0000000100000000, 0x0000000100000000)
  eden space 117248K, 100% used [0x00000000eb300000,0x00000000f2580000,0x00000000f2580000)
  from space 104448K, 45% used [0x00000000f2580000,0x00000000f5408a80,0x00000000f8b80000)
  to   space 100864K, 0% used [0x00000000f9d80000,0x00000000f9d80000,0x0000000100000000)
 ParOldGen       total 390144K, used 180518K [0x00000000c1800000, 0x00000000d9500000, 0x00000000eb300000)
  object space 390144K, 46% used [0x00000000c1800000,0x00000000cc849b58,0x00000000d9500000)
 Metaspace       used 11635K, capacity 11712K, committed 11904K, reserved 1060864K
  class space    used 1291K, capacity 1334K, committed 1408K, reserved 1048576K
Event: 94.529 GC heap after
Heap after GC invocations=17 (full 1):
 PSYoungGen      total 225792K, used 46753K [0x00000000eb300000, 0x00000000ff580000, 0x0000000100000000)
  eden space 135680K, 0% used [0x00000000eb300000,0x00000000eb300000,0x00000000f3780000)
  from space 90112K, 51% used [0x00000000f9d80000,0x00000000fcb285b8,0x00000000ff580000)
  to   space 97280K, 0% used [0x00000000f3780000,0x00000000f3780000,0x00000000f9680000)
 ParOldGen       total 390144K, used 227826K [0x00000000c1800000, 0x00000000d9500000, 0x00000000eb300000)
  object space 390144K, 58% used [0x00000000c1800000,0x00000000cf67c9a8,0x00000000d9500000)
 Metaspace       used 11635K, capacity 11712K, committed 11904K, reserved 1060864K
  class space    used 1291K, capacity 1334K, committed 1408K, reserved 1048576K
}
Event: 94.949 GC heap before
{Heap before GC invocations=18 (full 1):
 PSYoungGen      total 225792K, used 182433K [0x00000000eb300000, 0x00000000ff580000, 0x0000000100000000)
  eden space 135680K, 100% used [0x00000000eb300000,0x00000000f3780000,0x00000000f3780000)
  from space 90112K, 51% used [0x00000000f9d80000,0x00000000fcb285b8,0x00000000ff580000)
  to   space 97280K, 0% used [0x00000000f3780000,0x00000000f3780000,0x00000000f9680000)
 ParOldGen       total 390144K, used 227826K [0x00000000c1800000, 0x00000000d9500000, 0x00000000eb300000)
  object space 390144K, 58% used [0x00000000c1800000,0x00000000cf67c9a8,0x00000000d9500000)
 Metaspace       used 11635K, capacity 11712K, committed 11904K, reserved 1060864K
  class space    used 1291K, capacity 1334K, committed 1408K, reserved 1048576K
Event: 95.166 GC heap after
Heap after GC invocations=18 (full 1):
 PSYoungGen      total 232960K, used 56066K [0x00000000eb300000, 0x0000000100000000, 0x0000000100000000)
  eden space 135680K, 0% used [0x00000000eb300000,0x00000000eb300000,0x00000000f3780000)
  from space 97280K, 57% used [0x00000000f3780000,0x00000000f6e40840,0x00000000f9680000)
  to   space 97280K, 0% used [0x00000000fa100000,0x00000000fa100000,0x0000000100000000)
 ParOldGen       total 390144K, used 274515K [0x00000000c1800000, 0x00000000d9500000, 0x00000000eb300000)
  object space 390144K, 70% used [0x00000000c1800000,0x00000000d2414cd0,0x00000000d9500000)
 Metaspace       used 11635K, capacity 11712K, committed 11904K, reserved 1060864K
  class space    used 1291K, capacity 1334K, committed 1408K, reserved 1048576K
}
Event: 95.577 GC heap before
{Heap before GC invocations=19 (full 1):
 PSYoungGen      total 232960K, used 191746K [0x00000000eb300000, 0x0000000100000000, 0x0000000100000000)
  eden space 135680K, 100% used [0x00000000eb300000,0x00000000f3780000,0x00000000f3780000)
  from space 97280K, 57% used [0x00000000f3780000,0x00000000f6e40840,0x00000000f9680000)
  to   space 97280K, 0% used [0x00000000fa100000,0x00000000fa100000,0x0000000100000000)
 ParOldGen       total 390144K, used 274515K [0x00000000c1800000, 0x00000000d9500000, 0x00000000eb300000)
  object space 390144K, 70% used [0x00000000c1800000,0x00000000d2414cd0,0x00000000d9500000)
 Metaspace       used 11635K, capacity 11712K, committed 11904K, reserved 1060864K
  class space    used 1291K, capacity 1334K, committed 1408K, reserved 1048576K
Event: 95.850 GC heap after
Heap after GC invocations=19 (full 1):
 PSYoungGen      total 242688K, used 56064K [0x00000000eb300000, 0x00000000fff00000, 0x0000000100000000)
  eden space 146432K, 0% used [0x00000000eb300000,0x00000000eb300000,0x00000000f4200000)
  from space 96256K, 58% used [0x00000000fa100000,0x00000000fd7c0330,0x00000000fff00000)
  to   space 96768K, 0% used [0x00000000f4200000,0x00000000f4200000,0x00000000fa080000)
 ParOldGen       total 390144K, used 330435K [0x00000000c1800000, 0x00000000d9500000, 0x00000000eb300000)
  object space 390144K, 84% used [0x00000000c1800000,0x00000000d5ab0e98,0x00000000d9500000)
 Metaspace       used 11635K, capacity 11712K, committed 11904K, reserved 1060864K
  class space    used 1291K, capacity 1334K, committed 1408K, reserved 1048576K
}
Event: 95.850 GC heap before
{Heap before GC invocations=20 (full 2):
 PSYoungGen      total 242688K, used 56064K [0x00000000eb300000, 0x00000000fff00000, 0x0000000100000000)
  eden space 146432K, 0% used [0x00000000eb300000,0x00000000eb300000,0x00000000f4200000)
  from space 96256K, 58% used [0x00000000fa100000,0x00000000fd7c0330,0x00000000fff00000)
  to   space 96768K, 0% used [0x00000000f4200000,0x00000000f4200000,0x00000000fa080000)
 ParOldGen       total 390144K, used 330435K [0x00000000c1800000, 0x00000000d9500000, 0x00000000eb300000)
  object space 390144K, 84% used [0x00000000c1800000,0x00000000d5ab0e98,0x00000000d9500000)
 Metaspace       used 11635K, capacity 11712K, committed 11904K, reserved 1060864K
  class space    used 1291K, capacity 1334K, committed 1408K, reserved 1048576K

